2022-12-27 21:37:39 info: =================================
2022-12-27 21:37:39 info: ======= ENV: development =======
2022-12-27 21:37:39 info: 🚀 App listening on the port 8080
2022-12-27 21:37:39 info: =================================
2022-12-27 21:39:59 info: [0mOPTIONS /login [32m204[0m 4.528 ms - 0[0m
2022-12-27 21:39:59 error: [POST] /login >> StatusCode:: 400, Message:: phoneNumber should not be empty, password must be a string
2022-12-27 21:39:59 info: [0mPOST /login [33m400[0m 23.859 ms - 72[0m
2022-12-27 21:41:09 info: [0mOPTIONS /login [32m204[0m 0.584 ms - 0[0m
2022-12-27 21:41:09 info: [0mPOST /login [32m200[0m 223.778 ms - 206[0m
2022-12-27 21:43:30 info: =================================
2022-12-27 21:43:30 info: ======= ENV: development =======
2022-12-27 21:43:30 info: 🚀 App listening on the port 8080
2022-12-27 21:43:30 info: =================================
2022-12-27 21:43:48 info: =================================
2022-12-27 21:43:48 info: ======= ENV: development =======
2022-12-27 21:43:48 info: 🚀 App listening on the port 8080
2022-12-27 21:43:48 info: =================================
2022-12-27 21:44:20 info: =================================
2022-12-27 21:44:20 info: ======= ENV: development =======
2022-12-27 21:44:20 info: 🚀 App listening on the port 8080
2022-12-27 21:44:20 info: =================================
2022-12-27 21:44:26 info: [0mOPTIONS /auth [32m204[0m 7.866 ms - 0[0m
2022-12-27 21:44:26 info: [0mPOST /auth [33m404[0m 25.926 ms - 144[0m
2022-12-27 21:44:42 info: [0mOPTIONS /auth [32m204[0m 0.462 ms - 0[0m
2022-12-27 21:44:42 info: [0mPOST /auth [33m404[0m 5.851 ms - 144[0m
2022-12-27 21:45:09 info: [0mOPTIONS /auth [32m204[0m 0.584 ms - 0[0m
2022-12-27 21:45:09 info: [0mPOST /auth [33m404[0m 3.546 ms - 144[0m
2022-12-27 21:45:43 info: =================================
2022-12-27 21:45:43 info: ======= ENV: development =======
2022-12-27 21:45:43 info: 🚀 App listening on the port 8080
2022-12-27 21:45:43 info: =================================
2022-12-27 21:45:48 info: [0mOPTIONS /auth [32m204[0m 5.008 ms - 0[0m
2022-12-27 21:45:48 info: [0mPOST /auth [32m200[0m 12.645 ms - -[0m
