2022-12-20 08:58:26 info: [0mOPTIONS /userphone [32m204[0m 0.958 ms - 0[0m
2022-12-20 08:58:26 info: [0mPOST /userphone [32m200[0m 12.483 ms - 653[0m
2022-12-20 08:58:27 info: [0mPOST /userphone [32m200[0m 12.119 ms - 653[0m
2022-12-20 08:59:29 info: [0mOPTIONS /userphone [32m204[0m 0.884 ms - 0[0m
2022-12-20 08:59:29 info: [0mPOST /userphone [32m200[0m 17.149 ms - 653[0m
2022-12-20 08:59:32 info: [0mPOST /userphone [32m200[0m 8.437 ms - 653[0m
2022-12-20 08:59:59 info: [0mOPTIONS /userphone [32m204[0m 0.992 ms - 0[0m
2022-12-20 08:59:59 info: [0mPOST /userphone [32m200[0m 14.017 ms - 653[0m
2022-12-20 09:00:01 info: [0mPOST /userphone [32m200[0m 6.515 ms - 653[0m
2022-12-20 09:01:15 info: [0mOPTIONS /userphone [32m204[0m 2.116 ms - 0[0m
2022-12-20 09:01:15 info: [0mPOST /userphone [32m200[0m 7.044 ms - 653[0m
2022-12-20 09:01:17 info: [0mPOST /userphone [32m200[0m 8.112 ms - 653[0m
2022-12-20 09:01:56 info: [0mOPTIONS /userphone [32m204[0m 0.943 ms - 0[0m
2022-12-20 09:01:56 info: [0mPOST /userphone [32m200[0m 7.757 ms - 653[0m
2022-12-20 09:01:57 info: [0mPOST /userphone [32m200[0m 7.882 ms - 653[0m
2022-12-20 09:02:33 info: [0mOPTIONS /userphone [32m204[0m 0.866 ms - 0[0m
2022-12-20 09:02:33 info: [0mPOST /userphone [32m200[0m 15.124 ms - 653[0m
2022-12-20 09:02:35 info: [0mPOST /userphone [32m200[0m 6.864 ms - 653[0m
2022-12-20 09:06:11 info: [0mOPTIONS /userphone [32m204[0m 0.885 ms - 0[0m
2022-12-20 09:06:11 info: [0mPOST /userphone [32m200[0m 7.770 ms - 653[0m
2022-12-20 09:06:14 info: [0mPOST /userphone [32m200[0m 7.194 ms - 653[0m
2022-12-20 09:06:34 info: [0mOPTIONS /userphone [32m204[0m 0.470 ms - 0[0m
2022-12-20 09:06:34 info: [0mPOST /userphone [32m200[0m 10.098 ms - 653[0m
2022-12-20 09:07:03 info: [0mOPTIONS /userphone [32m204[0m 5.499 ms - 0[0m
2022-12-20 09:07:03 info: [0mPOST /userphone [32m200[0m 15.437 ms - 653[0m
2022-12-20 09:08:01 info: [0mOPTIONS /userphone [32m204[0m 1.131 ms - 0[0m
2022-12-20 09:08:01 info: [0mPOST /userphone [32m200[0m 14.760 ms - 653[0m
2022-12-20 09:08:07 info: [0mOPTIONS /userphone [32m204[0m 1.232 ms - 0[0m
2022-12-20 09:08:07 info: [0mPOST /userphone [32m200[0m 4.920 ms - 653[0m
2022-12-20 09:08:52 info: [0mOPTIONS /userphone [32m204[0m 1.084 ms - 0[0m
2022-12-20 09:08:52 info: [0mPOST /userphone [32m200[0m 14.884 ms - 653[0m
2022-12-20 09:08:54 info: [0mPOST /userphone [32m200[0m 7.911 ms - 653[0m
2022-12-20 09:09:44 info: [0mOPTIONS /userphone [32m204[0m 0.906 ms - 0[0m
2022-12-20 09:09:44 info: [0mPOST /userphone [32m200[0m 7.247 ms - 653[0m
2022-12-20 09:09:46 info: [0mPOST /userphone [32m200[0m 7.307 ms - 653[0m
2022-12-20 09:10:38 info: [0mOPTIONS /userphone [32m204[0m 1.082 ms - 0[0m
2022-12-20 09:10:38 info: [0mPOST /userphone [32m200[0m 10.026 ms - 653[0m
2022-12-20 09:10:40 info: [0mPOST /userphone [32m200[0m 9.712 ms - 653[0m
2022-12-20 09:11:15 info: [0mOPTIONS /userphone [32m204[0m 1.048 ms - 0[0m
2022-12-20 09:11:15 info: [0mPOST /userphone [32m200[0m 17.864 ms - 653[0m
2022-12-20 09:11:17 info: [0mPOST /userphone [32m200[0m 7.227 ms - 653[0m
2022-12-20 09:11:44 info: [0mOPTIONS /userphone [32m204[0m 0.572 ms - 0[0m
2022-12-20 09:11:44 info: [0mPOST /userphone [32m200[0m 13.851 ms - 653[0m
2022-12-20 09:11:45 info: [0mPOST /userphone [32m200[0m 6.787 ms - 653[0m
2022-12-20 09:12:53 info: [0mOPTIONS /userphone [32m204[0m 0.459 ms - 0[0m
2022-12-20 09:12:53 info: [0mPOST /userphone [32m200[0m 7.377 ms - 653[0m
2022-12-20 09:12:54 info: [0mPOST /userphone [32m200[0m 8.453 ms - 653[0m
2022-12-20 09:13:59 info: [0mOPTIONS /userphone [32m204[0m 0.316 ms - 0[0m
2022-12-20 09:13:59 info: [0mPOST /userphone [32m200[0m 6.094 ms - 653[0m
2022-12-20 09:14:02 info: [0mPOST /userphone [32m200[0m 6.776 ms - 653[0m
2022-12-20 09:16:34 info: [0mOPTIONS /userphone [32m204[0m 0.250 ms - 0[0m
2022-12-20 09:16:34 info: [0mPOST /userphone [32m200[0m 3.893 ms - 653[0m
2022-12-20 09:16:35 info: [0mPOST /userphone [32m200[0m 7.489 ms - 653[0m
2022-12-20 09:17:01 info: [0mOPTIONS /userphone [32m204[0m 0.288 ms - 0[0m
2022-12-20 09:17:01 info: [0mPOST /userphone [32m200[0m 3.839 ms - 653[0m
2022-12-20 09:17:04 info: [0mPOST /userphone [32m200[0m 8.327 ms - 653[0m
2022-12-20 09:25:16 info: =================================
2022-12-20 09:25:16 info: ======= ENV: development =======
2022-12-20 09:25:16 info: 🚀 App listening on the port 8080
2022-12-20 09:25:16 info: =================================
2022-12-20 09:26:05 info: =================================
2022-12-20 09:26:05 info: ======= ENV: development =======
2022-12-20 09:26:05 info: 🚀 App listening on the port 8080
2022-12-20 09:26:05 info: =================================
2022-12-20 09:27:59 info: =================================
2022-12-20 09:27:59 info: ======= ENV: development =======
2022-12-20 09:27:59 info: 🚀 App listening on the port 8080
2022-12-20 09:27:59 info: =================================
2022-12-20 09:30:40 info: =================================
2022-12-20 09:30:40 info: ======= ENV: development =======
2022-12-20 09:30:40 info: 🚀 App listening on the port 8080
2022-12-20 09:30:40 info: =================================
2022-12-20 09:31:12 info: =================================
2022-12-20 09:31:12 info: ======= ENV: development =======
2022-12-20 09:31:12 info: 🚀 App listening on the port 8080
2022-12-20 09:31:12 info: =================================
2022-12-20 09:33:08 info: =================================
2022-12-20 09:33:08 info: ======= ENV: development =======
2022-12-20 09:33:08 info: 🚀 App listening on the port 8080
2022-12-20 09:33:08 info: =================================
2022-12-20 09:33:27 info: =================================
2022-12-20 09:33:27 info: ======= ENV: development =======
2022-12-20 09:33:27 info: 🚀 App listening on the port 8080
2022-12-20 09:33:27 info: =================================
2022-12-20 09:38:58 info: [0mOPTIONS /userphone [32m204[0m 10.229 ms - 0[0m
2022-12-20 09:38:58 info: [0mPOST /userphone [32m200[0m 56.400 ms - 653[0m
2022-12-20 09:39:08 info: [0mOPTIONS /userphone [32m204[0m 1.037 ms - 0[0m
2022-12-20 09:39:08 info: [0mPOST /userphone [32m200[0m 9.414 ms - 653[0m
2022-12-20 09:39:11 info: [0mOPTIONS /loginByPhone [32m204[0m 1.449 ms - 0[0m
2022-12-20 09:40:02 info: [0mOPTIONS /loginByPhone [32m204[0m 1.451 ms - 0[0m
2022-12-20 09:41:01 info: [0mOPTIONS /loginByPhone [32m204[0m 0.412 ms - 0[0m
2022-12-20 09:41:06 info: [0mPOST /loginByPhone [0m-[0m - ms - -[0m
2022-12-20 09:41:06 info: [0mPOST /loginByPhone [0m-[0m - ms - -[0m
2022-12-20 09:41:06 info: [0mPOST /loginByPhone [0m-[0m - ms - -[0m
2022-12-20 09:41:06 info: [0mPOST /loginByPhone [0m-[0m - ms - -[0m
2022-12-20 09:41:50 info: [0mOPTIONS /userphone [32m204[0m 1.181 ms - 0[0m
2022-12-20 09:41:50 info: [0mPOST /userphone [32m200[0m 17.096 ms - 653[0m
2022-12-20 09:41:50 info: [0mPOST /userphone [32m200[0m 13.163 ms - 653[0m
2022-12-20 09:41:54 info: [0mOPTIONS /loginByPhone [32m204[0m 0.341 ms - 0[0m
2022-12-20 09:42:18 info: =================================
2022-12-20 09:42:18 info: ======= ENV: development =======
2022-12-20 09:42:18 info: 🚀 App listening on the port 8080
2022-12-20 09:42:18 info: =================================
2022-12-20 09:42:19 info: [0mOPTIONS /loginByPhone [32m204[0m 1.682 ms - 0[0m
2022-12-20 09:42:28 info: [0mOPTIONS /loginByPhone [32m204[0m 1.162 ms - 0[0m
2022-12-20 09:42:41 info: =================================
2022-12-20 09:42:41 info: ======= ENV: development =======
2022-12-20 09:42:41 info: 🚀 App listening on the port 8080
2022-12-20 09:42:41 info: =================================
2022-12-20 09:42:42 info: [0mOPTIONS /loginByPhone [32m204[0m 3.201 ms - 0[0m
2022-12-20 09:42:42 error: [POST] /loginByPhone >> StatusCode:: 409, Message:: This phone +375(29)1111111 was not found
2022-12-20 09:42:42 info: [0mPOST /loginByPhone [33m409[0m 30.651 ms - 54[0m
2022-12-20 09:42:58 info: =================================
2022-12-20 09:42:58 info: ======= ENV: development =======
2022-12-20 09:42:58 info: 🚀 App listening on the port 8080
2022-12-20 09:42:58 info: =================================
2022-12-20 09:44:47 info: [0mOPTIONS /userphone [32m204[0m 7.135 ms - 0[0m
2022-12-20 09:44:47 info: [0mPOST /userphone [32m200[0m 40.719 ms - 653[0m
2022-12-20 09:44:48 info: [0mPOST /userphone [32m200[0m 15.838 ms - 653[0m
2022-12-20 09:46:16 info: [0mOPTIONS /loginByPhone [32m204[0m 0.203 ms - 0[0m
2022-12-20 09:46:32 info: =================================
2022-12-20 09:46:32 info: ======= ENV: development =======
2022-12-20 09:46:32 info: 🚀 App listening on the port 8080
2022-12-20 09:46:32 info: =================================
2022-12-20 09:46:43 info: =================================
2022-12-20 09:46:43 info: ======= ENV: development =======
2022-12-20 09:46:43 info: 🚀 App listening on the port 8080
2022-12-20 09:46:43 info: =================================
2022-12-20 09:46:44 info: [0mOPTIONS /loginByPhone [32m204[0m 4.806 ms - 0[0m
2022-12-20 09:46:45 info: [0mPOST /loginByPhone [32m200[0m 29.882 ms - 213[0m
2022-12-20 09:47:30 info: =================================
2022-12-20 09:47:30 info: ======= ENV: development =======
2022-12-20 09:47:30 info: 🚀 App listening on the port 8080
2022-12-20 09:47:30 info: =================================
2022-12-20 09:48:07 info: [0mOPTIONS /userphone [32m204[0m 5.081 ms - 0[0m
2022-12-20 09:48:07 info: [0mPOST /userphone [32m200[0m 24.237 ms - 40[0m
2022-12-20 09:48:13 info: [0mOPTIONS /userphone [32m204[0m 0.995 ms - 0[0m
2022-12-20 09:48:13 info: [0mPOST /userphone [32m200[0m 15.084 ms - 653[0m
2022-12-20 09:48:17 info: [0mPOST /userphone [32m200[0m 3.284 ms - 653[0m
2022-12-20 09:48:17 info: [0mOPTIONS /login [32m204[0m 0.226 ms - 0[0m
2022-12-20 09:48:17 info: [0mPOST /login [32m200[0m 58.223 ms - 206[0m
2022-12-20 09:48:39 info: [0mPOST /login [32m200[0m 56.776 ms - 206[0m
2022-12-20 09:49:11 info: [0mOPTIONS /userphone [32m204[0m 0.681 ms - 0[0m
2022-12-20 09:49:11 info: [0mPOST /userphone [32m200[0m 9.650 ms - 653[0m
2022-12-20 09:49:11 info: [0mOPTIONS /login [32m204[0m 0.319 ms - 0[0m
2022-12-20 09:49:11 info: [0mPOST /login [32m200[0m 53.742 ms - 206[0m
2022-12-20 09:54:45 info: =================================
2022-12-20 09:54:45 info: ======= ENV: development =======
2022-12-20 09:54:45 info: 🚀 App listening on the port 8080
2022-12-20 09:54:45 info: =================================
