2022-12-13 16:41:48 error: uncaughtException: listen EADDRINUSE: address already in use :::8080
Error: listen EADDRINUSE: address already in use :::8080
    at Server.setupListenHandle [as _listen2] (node:net:1330:16)
    at listenInCluster (node:net:1378:12)
    at Server.listen (node:net:1465:7)
    at Function.listen (D:\repository\diplom\server\node_modules\express\lib\application.js:635:24)
    at App.listen (D:\repository\diplom\server\src\app.ts:35:14)
    at Object.<anonymous> (D:\repository\diplom\server\src\server.ts:11:7)
    at Module._compile (node:internal/modules/cjs/loader:1103:14)
    at Module.m._compile (D:\repository\diplom\server\node_modules\ts-node\src\index.ts:1618:23)
    at Module._extensions..js (node:internal/modules/cjs/loader:1157:10)
    at Object.require.extensions.<computed> [as .ts] (D:\repository\diplom\server\node_modules\ts-node\src\index.ts:1621:12)
2022-12-13 16:45:26 error: uncaughtException: listen EADDRINUSE: address already in use :::8080
Error: listen EADDRINUSE: address already in use :::8080
    at Server.setupListenHandle [as _listen2] (node:net:1330:16)
    at listenInCluster (node:net:1378:12)
    at Server.listen (node:net:1465:7)
    at Function.listen (D:\repository\diplom\server\node_modules\express\lib\application.js:635:24)
    at App.listen (D:\repository\diplom\server\src\app.ts:35:14)
    at Object.<anonymous> (D:\repository\diplom\server\src\server.ts:11:7)
    at Module._compile (node:internal/modules/cjs/loader:1103:14)
    at Module.m._compile (D:\repository\diplom\server\node_modules\ts-node\src\index.ts:1618:23)
    at Module._extensions..js (node:internal/modules/cjs/loader:1157:10)
    at Object.require.extensions.<computed> [as .ts] (D:\repository\diplom\server\node_modules\ts-node\src\index.ts:1621:12)
2022-12-13 16:46:51 error: uncaughtException: listen EADDRINUSE: address already in use :::8080
Error: listen EADDRINUSE: address already in use :::8080
    at Server.setupListenHandle [as _listen2] (node:net:1330:16)
    at listenInCluster (node:net:1378:12)
    at Server.listen (node:net:1465:7)
    at Function.listen (D:\repository\diplom\server\node_modules\express\lib\application.js:635:24)
    at App.listen (D:\repository\diplom\server\src\app.ts:35:14)
    at Object.<anonymous> (D:\repository\diplom\server\src\server.ts:11:7)
    at Module._compile (node:internal/modules/cjs/loader:1103:14)
    at Module.m._compile (D:\repository\diplom\server\node_modules\ts-node\src\index.ts:1618:23)
    at Module._extensions..js (node:internal/modules/cjs/loader:1157:10)
    at Object.require.extensions.<computed> [as .ts] (D:\repository\diplom\server\node_modules\ts-node\src\index.ts:1621:12)
2022-12-13 16:47:48 error: uncaughtException: listen EADDRINUSE: address already in use :::8080
Error: listen EADDRINUSE: address already in use :::8080
    at Server.setupListenHandle [as _listen2] (node:net:1330:16)
    at listenInCluster (node:net:1378:12)
    at Server.listen (node:net:1465:7)
    at Function.listen (D:\repository\diplom\server\node_modules\express\lib\application.js:635:24)
    at App.listen (D:\repository\diplom\server\src\app.ts:35:14)
    at Object.<anonymous> (D:\repository\diplom\server\src\server.ts:11:7)
    at Module._compile (node:internal/modules/cjs/loader:1103:14)
    at Module.m._compile (D:\repository\diplom\server\node_modules\ts-node\src\index.ts:1618:23)
    at Module._extensions..js (node:internal/modules/cjs/loader:1157:10)
    at Object.require.extensions.<computed> [as .ts] (D:\repository\diplom\server\node_modules\ts-node\src\index.ts:1621:12)
2022-12-13 16:48:14 error: uncaughtException: listen EADDRINUSE: address already in use :::8080
Error: listen EADDRINUSE: address already in use :::8080
    at Server.setupListenHandle [as _listen2] (node:net:1330:16)
    at listenInCluster (node:net:1378:12)
    at Server.listen (node:net:1465:7)
    at Function.listen (D:\repository\diplom\server\node_modules\express\lib\application.js:635:24)
    at App.listen (D:\repository\diplom\server\src\app.ts:35:14)
    at Object.<anonymous> (D:\repository\diplom\server\src\server.ts:11:7)
    at Module._compile (node:internal/modules/cjs/loader:1103:14)
    at Module.m._compile (D:\repository\diplom\server\node_modules\ts-node\src\index.ts:1618:23)
    at Module._extensions..js (node:internal/modules/cjs/loader:1157:10)
    at Object.require.extensions.<computed> [as .ts] (D:\repository\diplom\server\node_modules\ts-node\src\index.ts:1621:12)
2022-12-13 16:48:30 error: uncaughtException: listen EADDRINUSE: address already in use :::8080
Error: listen EADDRINUSE: address already in use :::8080
    at Server.setupListenHandle [as _listen2] (node:net:1330:16)
    at listenInCluster (node:net:1378:12)
    at Server.listen (node:net:1465:7)
    at Function.listen (D:\repository\diplom\server\node_modules\express\lib\application.js:635:24)
    at App.listen (D:\repository\diplom\server\src\app.ts:35:14)
    at Object.<anonymous> (D:\repository\diplom\server\src\server.ts:11:7)
    at Module._compile (node:internal/modules/cjs/loader:1103:14)
    at Module.m._compile (D:\repository\diplom\server\node_modules\ts-node\src\index.ts:1618:23)
    at Module._extensions..js (node:internal/modules/cjs/loader:1157:10)
    at Object.require.extensions.<computed> [as .ts] (D:\repository\diplom\server\node_modules\ts-node\src\index.ts:1621:12)
2022-12-13 16:48:35 error: uncaughtException: listen EADDRINUSE: address already in use :::8080
Error: listen EADDRINUSE: address already in use :::8080
    at Server.setupListenHandle [as _listen2] (node:net:1330:16)
    at listenInCluster (node:net:1378:12)
    at Server.listen (node:net:1465:7)
    at Function.listen (D:\repository\diplom\server\node_modules\express\lib\application.js:635:24)
    at App.listen (D:\repository\diplom\server\src\app.ts:35:14)
    at Object.<anonymous> (D:\repository\diplom\server\src\server.ts:11:7)
    at Module._compile (node:internal/modules/cjs/loader:1103:14)
    at Module.m._compile (D:\repository\diplom\server\node_modules\ts-node\src\index.ts:1618:23)
    at Module._extensions..js (node:internal/modules/cjs/loader:1157:10)
    at Object.require.extensions.<computed> [as .ts] (D:\repository\diplom\server\node_modules\ts-node\src\index.ts:1621:12)
2022-12-13 16:49:50 error: uncaughtException: listen EADDRINUSE: address already in use :::8080
Error: listen EADDRINUSE: address already in use :::8080
    at Server.setupListenHandle [as _listen2] (node:net:1330:16)
    at listenInCluster (node:net:1378:12)
    at Server.listen (node:net:1465:7)
    at Function.listen (D:\repository\diplom\server\node_modules\express\lib\application.js:635:24)
    at App.listen (D:\repository\diplom\server\src\app.ts:35:14)
    at Object.<anonymous> (D:\repository\diplom\server\src\server.ts:11:7)
    at Module._compile (node:internal/modules/cjs/loader:1103:14)
    at Module.m._compile (D:\repository\diplom\server\node_modules\ts-node\src\index.ts:1618:23)
    at Module._extensions..js (node:internal/modules/cjs/loader:1157:10)
    at Object.require.extensions.<computed> [as .ts] (D:\repository\diplom\server\node_modules\ts-node\src\index.ts:1621:12)
2022-12-13 16:50:53 error: uncaughtException: listen EADDRINUSE: address already in use :::8080
Error: listen EADDRINUSE: address already in use :::8080
    at Server.setupListenHandle [as _listen2] (node:net:1330:16)
    at listenInCluster (node:net:1378:12)
    at Server.listen (node:net:1465:7)
    at Function.listen (D:\repository\diplom\server\node_modules\express\lib\application.js:635:24)
    at App.listen (D:\repository\diplom\server\src\app.ts:35:14)
    at Object.<anonymous> (D:\repository\diplom\server\src\server.ts:11:7)
    at Module._compile (node:internal/modules/cjs/loader:1103:14)
    at Module.m._compile (D:\repository\diplom\server\node_modules\ts-node\src\index.ts:1618:23)
    at Module._extensions..js (node:internal/modules/cjs/loader:1157:10)
    at Object.require.extensions.<computed> [as .ts] (D:\repository\diplom\server\node_modules\ts-node\src\index.ts:1621:12)
