2022-12-07 10:06:34 info: =================================
2022-12-07 10:06:34 info: ======= ENV: development =======
2022-12-07 10:06:34 info: 🚀 App listening on the port 3000
2022-12-07 10:06:34 info: =================================
2022-12-07 10:08:13 info: =================================
2022-12-07 10:08:13 info: ======= ENV: development =======
2022-12-07 10:08:13 info: 🚀 App listening on the port 3000
2022-12-07 10:08:13 info: =================================
2022-12-07 10:10:07 info: =================================
2022-12-07 10:10:07 info: ======= ENV: development =======
2022-12-07 10:10:07 info: 🚀 App listening on the port 3000
2022-12-07 10:10:07 info: =================================
2022-12-07 10:10:25 info: =================================
2022-12-07 10:10:25 info: ======= ENV: development =======
2022-12-07 10:10:25 info: 🚀 App listening on the port 3000
2022-12-07 10:10:25 info: =================================
2022-12-07 10:10:25 error: [GET] / >> StatusCode:: 500, Message:: Something went wrong
2022-12-07 10:10:25 info: [0mGET / [31m500[0m 4.965 ms - -[0m
2022-12-07 10:10:37 info: =================================
2022-12-07 10:10:37 info: ======= ENV: development =======
2022-12-07 10:10:37 info: 🚀 App listening on the port 3000
2022-12-07 10:10:37 info: =================================
2022-12-07 10:10:39 info: [0mGET / [32m200[0m 7.135 ms - 2[0m
2022-12-07 14:39:59 info: =================================
2022-12-07 14:39:59 info: ======= ENV: development =======
2022-12-07 14:39:59 info: 🚀 App listening on the port 3000
2022-12-07 14:39:59 info: =================================
2022-12-07 14:40:03 info: [0mGET /_next/webpack-hmr [33m404[0m 11.109 ms - 156[0m
2022-12-07 14:40:09 info: [0mGET / [32m200[0m 9.409 ms - 2[0m
2022-12-07 14:40:09 info: [0mGET /_next/webpack-hmr [33m404[0m 1.632 ms - 156[0m
2022-12-07 14:40:13 info: [0mGET / [36m304[0m 0.767 ms - -[0m
2022-12-07 14:40:14 info: [0mGET /favicon.ico [33m404[0m 0.727 ms - 150[0m
2022-12-07 14:43:32 info: =================================
2022-12-07 14:43:32 info: ======= ENV: development =======
2022-12-07 14:43:32 info: 🚀 App listening on the port 8080
2022-12-07 14:43:32 info: =================================
2022-12-07 14:43:48 info: [0mGET / [32m200[0m 6.064 ms - 2[0m
2022-12-07 14:43:48 info: [0mGET / [36m304[0m 1.380 ms - -[0m
2022-12-07 14:43:49 info: [0mGET /favicon.ico [33m404[0m 1.553 ms - 150[0m
2022-12-07 15:01:50 info: =================================
2022-12-07 15:01:50 info: ======= ENV: development =======
2022-12-07 15:01:50 info: 🚀 App listening on the port 8080
2022-12-07 15:01:50 info: =================================
2022-12-07 15:07:28 info: =================================
2022-12-07 15:07:28 info: ======= ENV: development =======
2022-12-07 15:07:28 info: 🚀 App listening on the port 8080
2022-12-07 15:07:28 info: =================================
2022-12-07 15:08:07 info: =================================
2022-12-07 15:08:07 info: ======= ENV: development =======
2022-12-07 15:08:07 info: 🚀 App listening on the port 8080
2022-12-07 15:08:07 info: =================================
2022-12-07 16:19:02 info: =================================
2022-12-07 16:19:02 info: ======= ENV: development =======
2022-12-07 16:19:02 info: 🚀 App listening on the port 8080
2022-12-07 16:19:02 info: =================================
2022-12-07 16:19:11 info: =================================
2022-12-07 16:19:11 info: ======= ENV: development =======
2022-12-07 16:19:11 info: 🚀 App listening on the port 8080
2022-12-07 16:19:11 info: =================================
2022-12-07 16:19:15 info: =================================
2022-12-07 16:19:15 info: ======= ENV: development =======
2022-12-07 16:19:15 info: 🚀 App listening on the port 8080
2022-12-07 16:19:15 info: =================================
2022-12-07 16:19:20 info: [0mGET / [36m304[0m 6.989 ms - -[0m
2022-12-07 16:19:28 info: =================================
2022-12-07 16:19:28 info: ======= ENV: development =======
2022-12-07 16:19:28 info: 🚀 App listening on the port 8080
2022-12-07 16:19:28 info: =================================
2022-12-07 16:23:19 info: =================================
2022-12-07 16:23:19 info: ======= ENV: development =======
2022-12-07 16:23:19 info: 🚀 App listening on the port 8080
2022-12-07 16:23:19 info: =================================
2022-12-07 16:23:30 info: =================================
2022-12-07 16:23:30 info: ======= ENV: development =======
2022-12-07 16:23:30 info: 🚀 App listening on the port 8080
2022-12-07 16:23:30 info: =================================
2022-12-07 16:23:38 info: =================================
2022-12-07 16:23:38 info: ======= ENV: development =======
2022-12-07 16:23:38 info: 🚀 App listening on the port 8080
2022-12-07 16:23:38 info: =================================
2022-12-07 16:25:54 info: =================================
2022-12-07 16:25:54 info: ======= ENV: development =======
2022-12-07 16:25:54 info: 🚀 App listening on the port 8080
2022-12-07 16:25:54 info: =================================
2022-12-07 16:26:29 info: =================================
2022-12-07 16:26:29 info: ======= ENV: development =======
2022-12-07 16:26:29 info: 🚀 App listening on the port 8080
2022-12-07 16:26:29 info: =================================
2022-12-07 16:26:34 info: =================================
2022-12-07 16:26:34 info: ======= ENV: development =======
2022-12-07 16:26:34 info: 🚀 App listening on the port 8080
2022-12-07 16:26:34 info: =================================
2022-12-07 16:26:37 info: [0mGET / [32m200[0m 4.079 ms - 4[0m
2022-12-07 16:29:04 info: =================================
2022-12-07 16:29:04 info: ======= ENV: development =======
2022-12-07 16:29:04 info: 🚀 App listening on the port 8080
2022-12-07 16:29:04 info: =================================
2022-12-07 16:29:44 info: =================================
2022-12-07 16:29:44 info: ======= ENV: development =======
2022-12-07 16:29:44 info: 🚀 App listening on the port 8080
2022-12-07 16:29:44 info: =================================
2022-12-07 16:30:10 info: =================================
2022-12-07 16:30:10 info: ======= ENV: development =======
2022-12-07 16:30:10 info: 🚀 App listening on the port 8080
2022-12-07 16:30:10 info: =================================
2022-12-07 16:30:29 info: =================================
2022-12-07 16:30:29 info: ======= ENV: development =======
2022-12-07 16:30:29 info: 🚀 App listening on the port 8080
2022-12-07 16:30:29 info: =================================
